<?xml version="1.0" encoding="UTF-8"?>
<testsuite xmlns:xsi="http://www.w3.org/2001/XMLSchema-instance" xsi:noNamespaceSchemaLocation="https://maven.apache.org/surefire/maven-surefire-plugin/xsd/surefire-test-report-3.0.xsd" version="3.0" name="edu.yu.cs.com1320.project.stage2.RadinskyDocStoreTest" time="0.014" tests="6" errors="4" skipped="0" failures="1">
  <properties>
    <property name="gopherProxySet" value="false"/>
    <property name="awt.toolkit" value="sun.lwawt.macosx.LWCToolkit"/>
    <property name="java.specification.version" value="11"/>
    <property name="sun.cpu.isalist" value=""/>
    <property name="sun.jnu.encoding" value="UTF-8"/>
    <property name="java.class.path" value="/Users/me/Google Drive/Madah/Other/Computer Science GitHub Repository/Cooper_Akiva_800347294/DataStructures/project/stage5/target/test-classes:/Users/me/Google Drive/Madah/Other/Computer Science GitHub Repository/Cooper_Akiva_800347294/DataStructures/project/stage5/target/classes:/Users/me/.m2/repository/com/google/code/gson/gson/2.8.6/gson-2.8.6.jar:/Users/me/.m2/repository/org/junit/jupiter/junit-jupiter-api/5.7.1/junit-jupiter-api-5.7.1.jar:/Users/me/.m2/repository/org/apiguardian/apiguardian-api/1.1.0/apiguardian-api-1.1.0.jar:/Users/me/.m2/repository/org/opentest4j/opentest4j/1.2.0/opentest4j-1.2.0.jar:/Users/me/.m2/repository/org/junit/platform/junit-platform-commons/1.7.1/junit-platform-commons-1.7.1.jar:/Users/me/.m2/repository/org/junit/jupiter/junit-jupiter-engine/5.7.1/junit-jupiter-engine-5.7.1.jar:/Users/me/.m2/repository/org/junit/platform/junit-platform-engine/1.7.1/junit-platform-engine-1.7.1.jar:/Users/me/.m2/repository/junit/junit/4.13/junit-4.13.jar:/Users/me/.m2/repository/org/hamcrest/hamcrest-core/1.3/hamcrest-core-1.3.jar:/Users/me/.m2/repository/org/junit/vintage/junit-vintage-engine/5.7.1/junit-vintage-engine-5.7.1.jar:/Users/me/.m2/repository/org/apache/maven/plugins/maven-surefire-plugin/3.0.0-M5/maven-surefire-plugin-3.0.0-M5.jar:/Users/me/.m2/repository/org/apache/maven/surefire/maven-surefire-common/3.0.0-M5/maven-surefire-common-3.0.0-M5.jar:/Users/me/.m2/repository/org/apache/maven/surefire/surefire-api/3.0.0-M5/surefire-api-3.0.0-M5.jar:/Users/me/.m2/repository/org/apache/maven/surefire/surefire-logger-api/3.0.0-M5/surefire-logger-api-3.0.0-M5.jar:/Users/me/.m2/repository/org/apache/maven/surefire/surefire-extensions-api/3.0.0-M5/surefire-extensions-api-3.0.0-M5.jar:/Users/me/.m2/repository/org/apache/maven/surefire/surefire-booter/3.0.0-M5/surefire-booter-3.0.0-M5.jar:/Users/me/.m2/repository/org/apache/maven/surefire/surefire-extensions-spi/3.0.0-M5/surefire-extensions-spi-3.0.0-M5.jar:/Users/me/.m2/repository/org/apache/maven/maven-toolchain/3.0-alpha-2/maven-toolchain-3.0-alpha-2.jar:/Users/me/.m2/repository/org/apache/maven/shared/maven-artifact-transfer/0.11.0/maven-artifact-transfer-0.11.0.jar:/Users/me/.m2/repository/org/apache/maven/shared/maven-common-artifact-filters/3.0.1/maven-common-artifact-filters-3.0.1.jar:/Users/me/.m2/repository/org/apache/maven/maven-model/3.0/maven-model-3.0.jar:/Users/me/.m2/repository/org/apache/maven/maven-plugin-api/3.0/maven-plugin-api-3.0.jar:/Users/me/.m2/repository/org/sonatype/sisu/sisu-inject-plexus/1.4.2/sisu-inject-plexus-1.4.2.jar:/Users/me/.m2/repository/org/codehaus/plexus/plexus-classworlds/2.2.3/plexus-classworlds-2.2.3.jar:/Users/me/.m2/repository/org/sonatype/sisu/sisu-inject-bean/1.4.2/sisu-inject-bean-1.4.2.jar:/Users/me/.m2/repository/org/sonatype/sisu/sisu-guice/2.1.7/sisu-guice-2.1.7-noaop.jar:/Users/me/.m2/repository/org/apache/maven/shared/maven-shared-utils/3.1.0/maven-shared-utils-3.1.0.jar:/Users/me/.m2/repository/commons-io/commons-io/2.5/commons-io-2.5.jar:/Users/me/.m2/repository/commons-codec/commons-codec/1.11/commons-codec-1.11.jar:/Users/me/.m2/repository/org/codehaus/plexus/plexus-java/1.0.5/plexus-java-1.0.5.jar:/Users/me/.m2/repository/org/ow2/asm/asm/7.2/asm-7.2.jar:/Users/me/.m2/repository/com/thoughtworks/qdox/qdox/2.0-M9/qdox-2.0-M9.jar:/Users/me/.m2/repository/org/apache/maven/surefire/surefire-shared-utils/3.0.0-M4/surefire-shared-utils-3.0.0-M4.jar:/Users/me/.m2/repository/javax/xml/bind/jaxb-api/2.1/jaxb-api-2.1.jar:/Users/me/.m2/repository/javax/xml/stream/stax-api/1.0-2/stax-api-1.0-2.jar:/Users/me/.m2/repository/javax/activation/activation/1.1/activation-1.1.jar:"/>
    <property name="java.vm.vendor" value="Oracle Corporation"/>
    <property name="sun.arch.data.model" value="64"/>
    <property name="java.vendor.url" value="https://openjdk.java.net/"/>
    <property name="user.timezone" value=""/>
    <property name="java.vm.specification.version" value="11"/>
    <property name="os.name" value="Mac OS X"/>
    <property name="sun.java.launcher" value="SUN_STANDARD"/>
    <property name="user.country" value="US"/>
    <property name="sun.boot.library.path" value="/Library/Java/JavaVirtualMachines/jdk-11.0.8.jdk/Contents/Home/lib"/>
    <property name="sun.java.command" value="/Users/me/Google Drive/Madah/Other/Computer Science GitHub Repository/Cooper_Akiva_800347294/DataStructures/project/stage5/target/surefire/surefirebooter4070091942011303452.jar /Users/me/Google Drive/Madah/Other/Computer Science GitHub Repository/Cooper_Akiva_800347294/DataStructures/project/stage5/target/surefire 2021-05-10T02-54-44_356-jvmRun1 surefire3027951562816294585tmp surefire_017250104114051058254tmp"/>
    <property name="http.nonProxyHosts" value="local|*.local|169.254/16|*.169.254/16"/>
    <property name="jdk.debug" value="release"/>
    <property name="surefire.test.class.path" value="/Users/me/Google Drive/Madah/Other/Computer Science GitHub Repository/Cooper_Akiva_800347294/DataStructures/project/stage5/target/test-classes:/Users/me/Google Drive/Madah/Other/Computer Science GitHub Repository/Cooper_Akiva_800347294/DataStructures/project/stage5/target/classes:/Users/me/.m2/repository/com/google/code/gson/gson/2.8.6/gson-2.8.6.jar:/Users/me/.m2/repository/org/junit/jupiter/junit-jupiter-api/5.7.1/junit-jupiter-api-5.7.1.jar:/Users/me/.m2/repository/org/apiguardian/apiguardian-api/1.1.0/apiguardian-api-1.1.0.jar:/Users/me/.m2/repository/org/opentest4j/opentest4j/1.2.0/opentest4j-1.2.0.jar:/Users/me/.m2/repository/org/junit/platform/junit-platform-commons/1.7.1/junit-platform-commons-1.7.1.jar:/Users/me/.m2/repository/org/junit/jupiter/junit-jupiter-engine/5.7.1/junit-jupiter-engine-5.7.1.jar:/Users/me/.m2/repository/org/junit/platform/junit-platform-engine/1.7.1/junit-platform-engine-1.7.1.jar:/Users/me/.m2/repository/junit/junit/4.13/junit-4.13.jar:/Users/me/.m2/repository/org/hamcrest/hamcrest-core/1.3/hamcrest-core-1.3.jar:/Users/me/.m2/repository/org/junit/vintage/junit-vintage-engine/5.7.1/junit-vintage-engine-5.7.1.jar:/Users/me/.m2/repository/org/apache/maven/plugins/maven-surefire-plugin/3.0.0-M5/maven-surefire-plugin-3.0.0-M5.jar:/Users/me/.m2/repository/org/apache/maven/surefire/maven-surefire-common/3.0.0-M5/maven-surefire-common-3.0.0-M5.jar:/Users/me/.m2/repository/org/apache/maven/surefire/surefire-api/3.0.0-M5/surefire-api-3.0.0-M5.jar:/Users/me/.m2/repository/org/apache/maven/surefire/surefire-logger-api/3.0.0-M5/surefire-logger-api-3.0.0-M5.jar:/Users/me/.m2/repository/org/apache/maven/surefire/surefire-extensions-api/3.0.0-M5/surefire-extensions-api-3.0.0-M5.jar:/Users/me/.m2/repository/org/apache/maven/surefire/surefire-booter/3.0.0-M5/surefire-booter-3.0.0-M5.jar:/Users/me/.m2/repository/org/apache/maven/surefire/surefire-extensions-spi/3.0.0-M5/surefire-extensions-spi-3.0.0-M5.jar:/Users/me/.m2/repository/org/apache/maven/maven-toolchain/3.0-alpha-2/maven-toolchain-3.0-alpha-2.jar:/Users/me/.m2/repository/org/apache/maven/shared/maven-artifact-transfer/0.11.0/maven-artifact-transfer-0.11.0.jar:/Users/me/.m2/repository/org/apache/maven/shared/maven-common-artifact-filters/3.0.1/maven-common-artifact-filters-3.0.1.jar:/Users/me/.m2/repository/org/apache/maven/maven-model/3.0/maven-model-3.0.jar:/Users/me/.m2/repository/org/apache/maven/maven-plugin-api/3.0/maven-plugin-api-3.0.jar:/Users/me/.m2/repository/org/sonatype/sisu/sisu-inject-plexus/1.4.2/sisu-inject-plexus-1.4.2.jar:/Users/me/.m2/repository/org/codehaus/plexus/plexus-classworlds/2.2.3/plexus-classworlds-2.2.3.jar:/Users/me/.m2/repository/org/sonatype/sisu/sisu-inject-bean/1.4.2/sisu-inject-bean-1.4.2.jar:/Users/me/.m2/repository/org/sonatype/sisu/sisu-guice/2.1.7/sisu-guice-2.1.7-noaop.jar:/Users/me/.m2/repository/org/apache/maven/shared/maven-shared-utils/3.1.0/maven-shared-utils-3.1.0.jar:/Users/me/.m2/repository/commons-io/commons-io/2.5/commons-io-2.5.jar:/Users/me/.m2/repository/commons-codec/commons-codec/1.11/commons-codec-1.11.jar:/Users/me/.m2/repository/org/codehaus/plexus/plexus-java/1.0.5/plexus-java-1.0.5.jar:/Users/me/.m2/repository/org/ow2/asm/asm/7.2/asm-7.2.jar:/Users/me/.m2/repository/com/thoughtworks/qdox/qdox/2.0-M9/qdox-2.0-M9.jar:/Users/me/.m2/repository/org/apache/maven/surefire/surefire-shared-utils/3.0.0-M4/surefire-shared-utils-3.0.0-M4.jar:/Users/me/.m2/repository/javax/xml/bind/jaxb-api/2.1/jaxb-api-2.1.jar:/Users/me/.m2/repository/javax/xml/stream/stax-api/1.0-2/stax-api-1.0-2.jar:/Users/me/.m2/repository/javax/activation/activation/1.1/activation-1.1.jar:"/>
    <property name="sun.cpu.endian" value="little"/>
    <property name="user.home" value="/Users/me"/>
    <property name="user.language" value="en"/>
    <property name="java.specification.vendor" value="Oracle Corporation"/>
    <property name="java.version.date" value="2020-07-14"/>
    <property name="java.home" value="/Library/Java/JavaVirtualMachines/jdk-11.0.8.jdk/Contents/Home"/>
    <property name="file.separator" value="/"/>
    <property name="basedir" value="/Users/me/Google Drive/Madah/Other/Computer Science GitHub Repository/Cooper_Akiva_800347294/DataStructures/project/stage5"/>
    <property name="java.vm.compressedOopsMode" value="Zero based"/>
    <property name="line.separator" value="&#10;"/>
    <property name="java.specification.name" value="Java Platform API Specification"/>
    <property name="java.vm.specification.vendor" value="Oracle Corporation"/>
    <property name="java.awt.graphicsenv" value="sun.awt.CGraphicsEnvironment"/>
    <property name="surefire.real.class.path" value="/Users/me/Google Drive/Madah/Other/Computer Science GitHub Repository/Cooper_Akiva_800347294/DataStructures/project/stage5/target/surefire/surefirebooter4070091942011303452.jar"/>
    <property name="sun.management.compiler" value="HotSpot 64-Bit Tiered Compilers"/>
    <property name="ftp.nonProxyHosts" value="local|*.local|169.254/16|*.169.254/16"/>
    <property name="java.runtime.version" value="11.0.8+10-LTS"/>
    <property name="user.name" value="me"/>
    <property name="path.separator" value=":"/>
    <property name="os.version" value="10.16"/>
    <property name="java.runtime.name" value="Java(TM) SE Runtime Environment"/>
    <property name="file.encoding" value="UTF-8"/>
    <property name="java.vm.name" value="Java HotSpot(TM) 64-Bit Server VM"/>
    <property name="java.vendor.version" value="18.9"/>
    <property name="localRepository" value="/Users/me/.m2/repository"/>
    <property name="java.vendor.url.bug" value="https://bugreport.java.com/bugreport/"/>
    <property name="java.io.tmpdir" value="/var/folders/_p/wsqng5vx7zs5z6fn_rs7cn4r0000gq/T/"/>
    <property name="java.version" value="11.0.8"/>
    <property name="user.dir" value="/Users/me/Google Drive/Madah/Other/Computer Science GitHub Repository/Cooper_Akiva_800347294/DataStructures/project/stage5"/>
    <property name="os.arch" value="x86_64"/>
    <property name="java.vm.specification.name" value="Java Virtual Machine Specification"/>
    <property name="java.awt.printerjob" value="sun.lwawt.macosx.CPrinterJob"/>
    <property name="sun.os.patch.level" value="unknown"/>
    <property name="java.library.path" value="/Users/me/Library/Java/Extensions:/Library/Java/Extensions:/Network/Library/Java/Extensions:/System/Library/Java/Extensions:/usr/lib/java:."/>
    <property name="java.vendor" value="Oracle Corporation"/>
    <property name="java.vm.info" value="mixed mode"/>
    <property name="java.vm.version" value="11.0.8+10-LTS"/>
    <property name="sun.io.unicode.encoding" value="UnicodeBig"/>
    <property name="java.class.version" value="55.0"/>
    <property name="socksNonProxyHosts" value="local|*.local|169.254/16|*.169.254/16"/>
  </properties>
  <testcase name="testUndo" classname="edu.yu.cs.com1320.project.stage2.RadinskyDocStoreTest" time="0.004">
    <error type="java.lang.Error"><![CDATA[java.lang.Error: 
Unresolved compilation problem: 
	The method updateMemoryForGetOrSearch(DocumentImpl) is undefined for the type DocumentStoreImpl

	at edu.yu.cs.com1320.project.stage2.RadinskyDocStoreTest.testUndo(RadinskyDocStoreTest.java:71)
]]></error>
  </testcase>
  <testcase name="hasParameterlessPublicConstructorTestHashTable" classname="edu.yu.cs.com1320.project.stage2.RadinskyDocStoreTest" time="0">
    <error type="java.lang.Error"><![CDATA[java.lang.Error: 
Unresolved compilation problem: 
	HashTableImpl cannot be resolved to a type

	at edu.yu.cs.com1320.project.stage2.RadinskyDocStoreTest.hasParameterlessPublicConstructorTestHashTable(RadinskyDocStoreTest.java:89)
]]></error>
  </testcase>
  <testcase name="testUndoWithEmptyStack" classname="edu.yu.cs.com1320.project.stage2.RadinskyDocStoreTest" time="0.002">
    <failure type="org.opentest4j.AssertionFailedError"><![CDATA[org.opentest4j.AssertionFailedError: Unexpected exception type thrown ==> expected: <java.lang.IllegalStateException> but was: <java.lang.Error>
	at edu.yu.cs.com1320.project.stage2.RadinskyDocStoreTest.testUndoWithEmptyStack(RadinskyDocStoreTest.java:137)
Caused by: java.lang.Error: 
Unresolved compilation problem: 
	The method updateMemoryForGetOrSearch(DocumentImpl) is undefined for the type DocumentStoreImpl

	at edu.yu.cs.com1320.project.stage2.RadinskyDocStoreTest.lambda$0(RadinskyDocStoreTest.java:138)
	at edu.yu.cs.com1320.project.stage2.RadinskyDocStoreTest.testUndoWithEmptyStack(RadinskyDocStoreTest.java:137)
]]></failure>
  </testcase>
  <testcase name="testParameterLessUndoOnDoc" classname="edu.yu.cs.com1320.project.stage2.RadinskyDocStoreTest" time="0.001">
    <error type="java.lang.Error"><![CDATA[java.lang.Error: 
Unresolved compilation problem: 
	The method updateMemoryForGetOrSearch(DocumentImpl) is undefined for the type DocumentStoreImpl

	at edu.yu.cs.com1320.project.stage2.RadinskyDocStoreTest.testParameterLessUndoOnDoc(RadinskyDocStoreTest.java:115)
]]></error>
  </testcase>
  <testcase name="testParameterUndoOnDoc" classname="edu.yu.cs.com1320.project.stage2.RadinskyDocStoreTest" time="0.001">
    <error type="java.lang.IllegalStateException"><![CDATA[java.lang.IllegalStateException: ACTION NOT FOUND
	at edu.yu.cs.com1320.project.stage2.RadinskyDocStoreTest.testParameterUndoOnDoc(RadinskyDocStoreTest.java:131)
]]></error>
  </testcase>
  <testcase name="hasParameterlessPublicConstructorTestStack" classname="edu.yu.cs.com1320.project.stage2.RadinskyDocStoreTest" time="0"/>
</testsuite>