<?xml version="1.0" encoding="UTF-8"?>
<testsuite xmlns:xsi="http://www.w3.org/2001/XMLSchema-instance" xsi:noNamespaceSchemaLocation="https://maven.apache.org/surefire/maven-surefire-plugin/xsd/surefire-test-report-3.0.xsd" version="3.0" name="edu.yu.cs.com1320.project.AviTest" time="0.02" tests="7" errors="0" skipped="0" failures="0">
  <properties>
    <property name="gopherProxySet" value="false"/>
    <property name="awt.toolkit" value="sun.lwawt.macosx.LWCToolkit"/>
    <property name="java.specification.version" value="11"/>
    <property name="sun.cpu.isalist" value=""/>
    <property name="sun.jnu.encoding" value="UTF-8"/>
    <property name="java.class.path" value="/Users/me/Google Drive/Madah/Other/Computer Science GitHub Repository/Cooper_Akiva_800347294/DataStructures/project/stage3/target/test-classes:/Users/me/Google Drive/Madah/Other/Computer Science GitHub Repository/Cooper_Akiva_800347294/DataStructures/project/stage3/target/classes:/Users/me/.m2/repository/org/junit/jupiter/junit-jupiter-engine/5.5.2/junit-jupiter-engine-5.5.2.jar:/Users/me/.m2/repository/org/apiguardian/apiguardian-api/1.1.0/apiguardian-api-1.1.0.jar:/Users/me/.m2/repository/org/junit/platform/junit-platform-engine/1.5.2/junit-platform-engine-1.5.2.jar:/Users/me/.m2/repository/org/opentest4j/opentest4j/1.2.0/opentest4j-1.2.0.jar:/Users/me/.m2/repository/org/junit/platform/junit-platform-commons/1.5.2/junit-platform-commons-1.5.2.jar:/Users/me/.m2/repository/org/junit/jupiter/junit-jupiter-api/5.5.2/junit-jupiter-api-5.5.2.jar:"/>
    <property name="java.vm.vendor" value="Oracle Corporation"/>
    <property name="sun.arch.data.model" value="64"/>
    <property name="java.vendor.url" value="https://openjdk.java.net/"/>
    <property name="user.timezone" value=""/>
    <property name="java.vm.specification.version" value="11"/>
    <property name="os.name" value="Mac OS X"/>
    <property name="sun.java.launcher" value="SUN_STANDARD"/>
    <property name="user.country" value="US"/>
    <property name="sun.boot.library.path" value="/Library/Java/JavaVirtualMachines/jdk-11.0.8.jdk/Contents/Home/lib"/>
    <property name="sun.java.command" value="/Users/me/Google Drive/Madah/Other/Computer Science GitHub Repository/Cooper_Akiva_800347294/DataStructures/project/stage3/target/surefire/surefirebooter12025948638390303055.jar /Users/me/Google Drive/Madah/Other/Computer Science GitHub Repository/Cooper_Akiva_800347294/DataStructures/project/stage3/target/surefire 2021-04-01T21-46-19_025-jvmRun1 surefire12258315020614214242tmp surefire_013394316100819498195tmp"/>
    <property name="http.nonProxyHosts" value="local|*.local|169.254/16|*.169.254/16"/>
    <property name="jdk.debug" value="release"/>
    <property name="surefire.test.class.path" value="/Users/me/Google Drive/Madah/Other/Computer Science GitHub Repository/Cooper_Akiva_800347294/DataStructures/project/stage3/target/test-classes:/Users/me/Google Drive/Madah/Other/Computer Science GitHub Repository/Cooper_Akiva_800347294/DataStructures/project/stage3/target/classes:/Users/me/.m2/repository/org/junit/jupiter/junit-jupiter-engine/5.5.2/junit-jupiter-engine-5.5.2.jar:/Users/me/.m2/repository/org/apiguardian/apiguardian-api/1.1.0/apiguardian-api-1.1.0.jar:/Users/me/.m2/repository/org/junit/platform/junit-platform-engine/1.5.2/junit-platform-engine-1.5.2.jar:/Users/me/.m2/repository/org/opentest4j/opentest4j/1.2.0/opentest4j-1.2.0.jar:/Users/me/.m2/repository/org/junit/platform/junit-platform-commons/1.5.2/junit-platform-commons-1.5.2.jar:/Users/me/.m2/repository/org/junit/jupiter/junit-jupiter-api/5.5.2/junit-jupiter-api-5.5.2.jar:"/>
    <property name="sun.cpu.endian" value="little"/>
    <property name="user.home" value="/Users/me"/>
    <property name="user.language" value="en"/>
    <property name="java.specification.vendor" value="Oracle Corporation"/>
    <property name="java.version.date" value="2020-07-14"/>
    <property name="java.home" value="/Library/Java/JavaVirtualMachines/jdk-11.0.8.jdk/Contents/Home"/>
    <property name="file.separator" value="/"/>
    <property name="basedir" value="/Users/me/Google Drive/Madah/Other/Computer Science GitHub Repository/Cooper_Akiva_800347294/DataStructures/project/stage3"/>
    <property name="java.vm.compressedOopsMode" value="Zero based"/>
    <property name="line.separator" value="&#10;"/>
    <property name="java.specification.name" value="Java Platform API Specification"/>
    <property name="java.vm.specification.vendor" value="Oracle Corporation"/>
    <property name="java.awt.graphicsenv" value="sun.awt.CGraphicsEnvironment"/>
    <property name="surefire.real.class.path" value="/Users/me/Google Drive/Madah/Other/Computer Science GitHub Repository/Cooper_Akiva_800347294/DataStructures/project/stage3/target/surefire/surefirebooter12025948638390303055.jar"/>
    <property name="sun.management.compiler" value="HotSpot 64-Bit Tiered Compilers"/>
    <property name="ftp.nonProxyHosts" value="local|*.local|169.254/16|*.169.254/16"/>
    <property name="java.runtime.version" value="11.0.8+10-LTS"/>
    <property name="user.name" value="me"/>
    <property name="path.separator" value=":"/>
    <property name="os.version" value="10.16"/>
    <property name="java.runtime.name" value="Java(TM) SE Runtime Environment"/>
    <property name="file.encoding" value="UTF-8"/>
    <property name="java.vm.name" value="Java HotSpot(TM) 64-Bit Server VM"/>
    <property name="java.vendor.version" value="18.9"/>
    <property name="localRepository" value="/Users/me/.m2/repository"/>
    <property name="java.vendor.url.bug" value="https://bugreport.java.com/bugreport/"/>
    <property name="java.io.tmpdir" value="/var/folders/_p/wsqng5vx7zs5z6fn_rs7cn4r0000gq/T/"/>
    <property name="java.version" value="11.0.8"/>
    <property name="user.dir" value="/Users/me/Google Drive/Madah/Other/Computer Science GitHub Repository/Cooper_Akiva_800347294/DataStructures/project/stage3"/>
    <property name="os.arch" value="x86_64"/>
    <property name="java.vm.specification.name" value="Java Virtual Machine Specification"/>
    <property name="java.awt.printerjob" value="sun.lwawt.macosx.CPrinterJob"/>
    <property name="sun.os.patch.level" value="unknown"/>
    <property name="java.library.path" value="/Users/me/Library/Java/Extensions:/Library/Java/Extensions:/Network/Library/Java/Extensions:/System/Library/Java/Extensions:/usr/lib/java:."/>
    <property name="java.vendor" value="Oracle Corporation"/>
    <property name="java.vm.info" value="mixed mode"/>
    <property name="java.vm.version" value="11.0.8+10-LTS"/>
    <property name="sun.io.unicode.encoding" value="UnicodeBig"/>
    <property name="java.class.version" value="55.0"/>
    <property name="socksNonProxyHosts" value="local|*.local|169.254/16|*.169.254/16"/>
  </properties>
  <testcase name="hashTableImplReplacementTest" classname="edu.yu.cs.com1320.project.AviTest" time="0.005"/>
  <testcase name="basicCollision" classname="edu.yu.cs.com1320.project.AviTest" time="0"/>
  <testcase name="hashTableImplReplacementTest2" classname="edu.yu.cs.com1320.project.AviTest" time="0"/>
  <testcase name="hashTableImplSimplePutAndGet" classname="edu.yu.cs.com1320.project.AviTest" time="0.001"/>
  <testcase name="hashTableImplALotOfInfoTest" classname="edu.yu.cs.com1320.project.AviTest" time="0.007"/>
  <testcase name="hashTableImplCollisionTest" classname="edu.yu.cs.com1320.project.AviTest" time="0.001"/>
  <testcase name="docTest" classname="edu.yu.cs.com1320.project.AviTest" time="0.002"/>
</testsuite>